<?xml version="1.0" encoding="UTF-8"?>
<testsuite xmlns:xsi="http://www.w3.org/2001/XMLSchema-instance" xsi:noNamespaceSchemaLocation="https://maven.apache.org/surefire/maven-surefire-plugin/xsd/surefire-test-report.xsd" name="As a user I want to test homepage" time="85.247" tests="10" errors="0" skipped="0" failures="1">
  <properties>
[...]
</properties>
  <testcase name="Verify header navigation items" classname="As a user I want to test homepage" time="7.52"/>
  <testcase name="Verify &quot;book now&quot; button is displayed" classname="As a user I want to test homepage" time="5.152"/>
  <testcase name="Click &quot;Our location&quot; header and verify locations" classname="As a user I want to test homepage" time="9.79"/>
  <testcase name="Verify &quot;view&quot; button is displayed in &quot;old-oak&quot;" classname="As a user I want to test homepage" time="6.872"/>
  <testcase name="Verify &quot;view&quot; button is displayed in &quot;canary-wharf&quot;" classname="As a user I want to test homepage" time="7.688"/>
  <testcase name="Verify &quot;view&quot; button is displayed in &quot;paper-factory&quot;" classname="As a user I want to test homepage" time="6.769"/>
  <testcase name="Verify &quot;view&quot; button is displayed in &quot;harrow&quot;" classname="As a user I want to test homepage" time="6.779"/>
  <testcase name="Click on &quot;view&quot; button in &quot;&lt;locations&gt;&quot;" classname="As a user I want to test homepage" time="19.558">
    <failure message="User is not on Harrow page&#10;Expected: is &lt;false&gt;&#10;     but: was &lt;true&gt;" type="java.lang.AssertionError"><![CDATA[java.lang.AssertionError: 
User is not on Harrow page
Expected: is <false>
     but: was <true>
]]></failure>
    <system-out><![CDATA[2021-08-01 16:56:50.080 DEBUG [BrowserDriver] - Starting selenium server local host - http://localhost:4444/wd/hub
2021-08-01 16:56:54.785 DEBUG [BrowserDriver] - Instantiating browser chrome
2021-08-01 16:56:54.785 DEBUG [BrowserDriver] - Navigating to url https://staging.thecollective.com/
2021-08-01 16:56:55.175 DEBUG [ScenarioHooks] - Starting to run Scenario Click on "view" button in "<locations>"

2021-08-01 16:57:09.580 DEBUG [BrowserDriver] - Destroying driver for tag '17'
]]></system-out>
    <system-err><![CDATA[Aug 01, 2021 4:56:50 PM org.openqa.selenium.remote.DesiredCapabilities chrome
INFO: Using `new ChromeOptions()` is preferred to `DesiredCapabilities.chrome()`
Aug 01, 2021 4:56:52 PM org.openqa.selenium.remote.ProtocolHandshake createSession
INFO: Detected dialect: W3C
]]></system-err>
  </testcase>
  <testcase name="Click book now and fill out few nights form" classname="As a user I want to test homepage" time="9.332"/>
  <testcase name="Click stay for a few night button on homepage image to verify the form opens" classname="As a user I want to test homepage" time="5.784"/>
</testsuite>